<?xml version="1.0" encoding="UTF-8"?>
<!-- Generated by org.testng.reporters.JUnitReportReporter -->
<testsuite hostname="YOGITA" failures="0" tests="2" name="testNG1_Test.CF_TC555_ValidateSearchResultPolicyFromTextAndBanners" time="40.832" errors="0" timestamp="2024-01-17T13:43:01 IST" skipped="1">
  <testcase classname="testNG1_Test.CF_TC555_ValidateSearchResultPolicyFromTextAndBanners" name="CF_TC555_ValidateSearchResultPolicyOfAdidtyBirla" time="40.832">
    <system-out>
      <![CDATA[TC CF_TC555_ValidateSearchResultPolicyOfAdidtyBirla excecution is started
Fetching result or adity birla from text 
Fetching result of aditya birla from banners 
TC2 is pass
Taking screenshots
TC CF_TC555_ValidateSearchResultPolicyOfAdidtyBirla is completed successfully]]>
    </system-out>
  </testcase> <!-- CF_TC555_ValidateSearchResultPolicyOfAdidtyBirla -->
  <testcase classname="testNG1_Test.CF_TC555_ValidateSearchResultPolicyFromTextAndBanners" name="CF_TC555_ValidateSearchResultPolicy">
    <skipped/>
  </testcase> <!-- CF_TC555_ValidateSearchResultPolicy -->
  <system-out>
    <![CDATA[Browser luanching
Click on gender button
Click on Next button
handeling dropDown 
Click on next button
Entering pin code
entering mobile number
Click on continue button
Click on filter button
Click on checkBox
Click on apply button
TC CF_TC555_ValidateSearchResultPolicyOfAdidtyBirla excecution is started
Fetching result or adity birla from text 
Fetching result of aditya birla from banners 
TC2 is pass
Taking screenshots
TC CF_TC555_ValidateSearchResultPolicyOfAdidtyBirla is completed successfully
Browser closing ]]>
  </system-out>
</testsuite> <!-- testNG1_Test.CF_TC555_ValidateSearchResultPolicyFromTextAndBanners -->
